<?xml version="1.0" encoding="UTF-8"?>
<coverage generated="1738534063189" clover="3.2.0">
  <project timestamp="1738534063189" name="All files">
    <metrics statements="21" coveredstatements="21" conditionals="8" coveredconditionals="8" methods="10" coveredmethods="10" elements="39" coveredelements="39" complexity="0" loc="21" ncloc="21" packages="1" files="1" classes="1"/>
    <file name="module.js" path="C:\Users\ARI TECH\OneDrive\Desktop\jscourse\test-runner\module.js">
      <metrics statements="21" coveredstatements="21" conditionals="8" coveredconditionals="8" methods="10" coveredmethods="10"/>
      <line num="2" count="6" type="stmt"/>
      <line num="8" count="5" type="stmt"/>
      <line num="12" count="1" type="stmt"/>
      <line num="14" count="1" type="stmt"/>
      <line num="18" count="1" type="stmt"/>
      <line num="22" count="1" type="stmt"/>
      <line num="26" count="3" type="stmt"/>
      <line num="33" count="12" type="stmt"/>
      <line num="34" count="52" type="cond" truecount="2" falsecount="0"/>
      <line num="35" count="23" type="stmt"/>
      <line num="37" count="29" type="cond" truecount="2" falsecount="0"/>
      <line num="38" count="17" type="stmt"/>
      <line num="41" count="12" type="stmt"/>
      <line num="49" count="25" type="stmt"/>
      <line num="50" count="7" type="stmt"/>
      <line num="51" count="7" type="cond" truecount="2" falsecount="0"/>
      <line num="52" count="7" type="cond" truecount="2" falsecount="0"/>
      <line num="54" count="7" type="stmt"/>
      <line num="60" count="7" type="stmt"/>
      <line num="63" count="1" type="stmt"/>
      <line num="66" count="1" type="stmt"/>
    </file>
  </project>
</coverage>
