{"C:\\Users\\ARI TECH\\OneDrive\\Desktop\\jscourse\\test-runner\\module.js": {"path":"C:\\Users\\ARI TECH\\OneDrive\\Desktop\\jscourse\\test-runner\\module.js","statementMap":{"0":{"start":{"line":2,"column":8},"end":{"line":2,"column":71}},"1":{"start":{"line":8,"column":4},"end":{"line":8,"column":43}},"2":{"start":{"line":12,"column":16},"end":{"line":28,"column":1}},"3":{"start":{"line":14,"column":8},"end":{"line":14,"column":18}},"4":{"start":{"line":18,"column":8},"end":{"line":18,"column":18}},"5":{"start":{"line":22,"column":8},"end":{"line":22,"column":18}},"6":{"start":{"line":26,"column":8},"end":{"line":26,"column":18}},"7":{"start":{"line":33,"column":4},"end":{"line":43,"column":15}},"8":{"start":{"line":34,"column":8},"end":{"line":42,"column":9}},"9":{"start":{"line":35,"column":12},"end":{"line":35,"column":98}},"10":{"start":{"line":37,"column":13},"end":{"line":42,"column":9}},"11":{"start":{"line":38,"column":12},"end":{"line":38,"column":96}},"12":{"start":{"line":41,"column":12},"end":{"line":41,"column":23}},"13":{"start":{"line":49,"column":14},"end":{"line":49,"column":72}},"14":{"start":{"line":49,"column":43},"end":{"line":49,"column":54}},"15":{"start":{"line":50,"column":17},"end":{"line":50,"column":27}},"16":{"start":{"line":51,"column":14},"end":{"line":51,"column":55}},"17":{"start":{"line":52,"column":14},"end":{"line":52,"column":55}},"18":{"start":{"line":54,"column":13},"end":{"line":59,"column":1}},"19":{"start":{"line":60,"column":4},"end":{"line":60,"column":19}},"20":{"start":{"line":63,"column":0},"end":{"line":63,"column":40}},"21":{"start":{"line":66,"column":0},"end":{"line":66,"column":88}}},"fnMap":{"0":{"name":"capitalize","decl":{"start":{"line":1,"column":9},"end":{"line":1,"column":19}},"loc":{"start":{"line":1,"column":24},"end":{"line":3,"column":1}},"line":1},"1":{"name":"reverseString","decl":{"start":{"line":6,"column":9},"end":{"line":6,"column":22}},"loc":{"start":{"line":6,"column":27},"end":{"line":9,"column":1}},"line":6},"2":{"name":"(anonymous_2)","decl":{"start":{"line":13,"column":5},"end":{"line":13,"column":6}},"loc":{"start":{"line":13,"column":13},"end":{"line":15,"column":5}},"line":13},"3":{"name":"(anonymous_3)","decl":{"start":{"line":17,"column":5},"end":{"line":17,"column":6}},"loc":{"start":{"line":17,"column":18},"end":{"line":19,"column":5}},"line":17},"4":{"name":"(anonymous_4)","decl":{"start":{"line":21,"column":5},"end":{"line":21,"column":6}},"loc":{"start":{"line":21,"column":18},"end":{"line":23,"column":5}},"line":21},"5":{"name":"(anonymous_5)","decl":{"start":{"line":25,"column":5},"end":{"line":25,"column":6}},"loc":{"start":{"line":25,"column":16},"end":{"line":27,"column":5}},"line":25},"6":{"name":"caesarCipher","decl":{"start":{"line":31,"column":9},"end":{"line":31,"column":21}},"loc":{"start":{"line":31,"column":30},"end":{"line":44,"column":1}},"line":31},"7":{"name":"(anonymous_7)","decl":{"start":{"line":33,"column":29},"end":{"line":33,"column":30}},"loc":{"start":{"line":33,"column":38},"end":{"line":43,"column":5}},"line":33},"8":{"name":"analyzeArray","decl":{"start":{"line":48,"column":9},"end":{"line":48,"column":21}},"loc":{"start":{"line":48,"column":26},"end":{"line":61,"column":1}},"line":48},"9":{"name":"(anonymous_9)","decl":{"start":{"line":49,"column":25},"end":{"line":49,"column":26}},"loc":{"start":{"line":49,"column":43},"end":{"line":49,"column":54}},"line":49}},"branchMap":{"0":{"loc":{"start":{"line":34,"column":8},"end":{"line":42,"column":9}},"type":"if","locations":[{"start":{"line":34,"column":8},"end":{"line":42,"column":9}},{"start":{"line":37,"column":13},"end":{"line":42,"column":9}}],"line":34},"1":{"loc":{"start":{"line":37,"column":13},"end":{"line":42,"column":9}},"type":"if","locations":[{"start":{"line":37,"column":13},"end":{"line":42,"column":9}},{"start":{"line":40,"column":12},"end":{"line":42,"column":9}}],"line":37},"2":{"loc":{"start":{"line":51,"column":14},"end":{"line":51,"column":55}},"type":"cond-expr","locations":[{"start":{"line":51,"column":27},"end":{"line":51,"column":43}},{"start":{"line":51,"column":46},"end":{"line":51,"column":55}}],"line":51},"3":{"loc":{"start":{"line":52,"column":14},"end":{"line":52,"column":55}},"type":"cond-expr","locations":[{"start":{"line":52,"column":27},"end":{"line":52,"column":43}},{"start":{"line":52,"column":46},"end":{"line":52,"column":55}}],"line":52}},"s":{"0":6,"1":5,"2":1,"3":1,"4":1,"5":1,"6":3,"7":12,"8":52,"9":23,"10":29,"11":17,"12":12,"13":7,"14":25,"15":7,"16":7,"17":7,"18":7,"19":7,"20":1,"21":1},"f":{"0":6,"1":5,"2":1,"3":1,"4":1,"5":3,"6":12,"7":52,"8":7,"9":25},"b":{"0":[23,29],"1":[17,12],"2":[6,1],"3":[6,1]},"_coverageSchema":"1a1c01bbd47fc00a2c39e90264f33305004495a9","hash":"4a9ee3c8e5e08aa6230282b050319e38b873a2d6"}
}
