TN:
SF:module.js
FN:1,capitalize
FN:6,reverseString
FN:13,(anonymous_2)
FN:17,(anonymous_3)
FN:21,(anonymous_4)
FN:25,(anonymous_5)
FN:31,caesarCipher
FN:33,(anonymous_7)
FN:48,analyzeArray
FN:49,(anonymous_9)
FNF:10
FNH:10
FNDA:6,capitalize
FNDA:5,reverseString
FNDA:1,(anonymous_2)
FNDA:1,(anonymous_3)
FNDA:1,(anonymous_4)
FNDA:3,(anonymous_5)
FNDA:12,caesarCipher
FNDA:52,(anonymous_7)
FNDA:7,analyzeArray
FNDA:25,(anonymous_9)
DA:2,6
DA:8,5
DA:12,1
DA:14,1
DA:18,1
DA:22,1
DA:26,3
DA:33,12
DA:34,52
DA:35,23
DA:37,29
DA:38,17
DA:41,12
DA:49,25
DA:50,7
DA:51,7
DA:52,7
DA:54,7
DA:60,7
DA:63,1
DA:66,1
LF:21
LH:21
BRDA:34,0,0,23
BRDA:34,0,1,29
BRDA:37,1,0,17
BRDA:37,1,1,12
BRDA:51,2,0,6
BRDA:51,2,1,1
BRDA:52,3,0,6
BRDA:52,3,1,1
BRF:8
BRH:8
end_of_record
